<?xml version="1.0" encoding="UTF-8"?>
<!-- Generated by org.testng.reporters.JUnitReportReporter -->
<testsuite hostname="Venkat-Lappy" failures="0" tests="1" name="api.Get_Api" time="6.205" errors="0" timestamp="2022-04-15T19:44:01 EDT" skipped="0">
  <testcase classname="api.Get_Api" name="get" time="6.205"/>
  <system-out/>
</testsuite> <!-- api.Get_Api -->
